<?xml version="1.0" encoding="UTF-8"?>
<!-- Generated by org.testng.reporters.JUnitXMLReporter -->
<testsuite ignored="0" hostname="NIKHIL-PANDE" failures="1" tests="1" name="Test1" time="0.068" errors="0" timestamp="2022-12-12T23:56:27 IST">
  <testcase classname="yt_TestNG.SoftAssert123" name="validation" time="0.02">
    <failure type="java.lang.AssertionError" message="The following asserts failed:
	expected [true] but found [false]">
      <![CDATA[java.lang.AssertionError: The following asserts failed:
expected [true] but found [false]
at yt_TestNG.SoftAssert123.validation(SoftAssert123.java:21)
at java.base/java.util.ArrayList.forEach(ArrayList.java:1511)
... Removed 27 stack frames]]>
    </failure>
  </testcase> <!-- validation -->
</testsuite> <!-- Test1 -->
